<?xml version="1.0" encoding="UTF-8"?>
<!-- Generated by org.testng.reporters.JUnitReportReporter -->
<testsuite hostname="DESKTOP-8O592OD" failures="0" tests="1" name="com.training.sanity.tests.LoginTests" time="36.404" errors="0" timestamp="2020-06-29T11:33:05 IST" skipped="0">
  <testcase classname="com.training.sanity.tests.LoginTests" name="validLoginTest" time="36.404"/>
  <system-out/>
</testsuite> <!-- com.training.sanity.tests.LoginTests -->
