<?xml version="1.0" encoding="UTF-8"?>
<!-- Generated by org.testng.reporters.JUnitReportReporter -->
<testsuite hostname="DESKTOP-8O592OD" failures="0" tests="1" name="com.training.sanity.tests.PropertiesTests" time="24.936" errors="0" timestamp="2020-06-29T23:55:10 IST" skipped="0">
  <testcase classname="com.training.sanity.tests.PropertiesTests" name="validLoginTest" time="24.936"/>
  <system-out/>
</testsuite> <!-- com.training.sanity.tests.PropertiesTests -->
