<?xml version="1.0" encoding="UTF-8"?>
<!-- Generated by org.testng.reporters.JUnitReportReporter -->
<testsuite hostname="DESKTOP-8O592OD" failures="0" tests="1" name="com.training.sanity.tests.RETC026Tests" time="37.690" errors="0" timestamp="2020-07-05T17:05:31 IST" skipped="0">
  <testcase classname="com.training.sanity.tests.RETC026Tests" name="validLoginTest" time="37.690"/>
  <system-out/>
</testsuite> <!-- com.training.sanity.tests.RETC026Tests -->
