<?xml version="1.0" encoding="UTF-8"?>
<!-- Generated by org.testng.reporters.JUnitReportReporter -->
<testsuite hostname="DESKTOP-8O592OD" failures="0" tests="3" name="com.training.sanity.tests.RETC_074_ExcelData" time="134.640" errors="0" timestamp="2020-07-16T17:51:47 IST" skipped="0">
  <testcase classname="com.training.sanity.tests.RETC_074_ExcelData" name="ChangeUserRoleTest" time="47.090"/>
  <system-out/>
  <testcase classname="com.training.sanity.tests.RETC_074_ExcelData" name="ChangeUserRoleTest" time="42.842"/>
  <system-out/>
  <testcase classname="com.training.sanity.tests.RETC_074_ExcelData" name="ChangeUserRoleTest" time="44.708"/>
  <system-out/>
</testsuite> <!-- com.training.sanity.tests.RETC_074_ExcelData -->
