<?xml version="1.0" encoding="UTF-8"?>
<!-- Generated by org.testng.reporters.JUnitReportReporter -->
<testsuite hostname="DESKTOP-8O592OD" failures="0" tests="1" name="com.training.sanity.tests.RECT_074" time="60.814" errors="0" timestamp="2020-07-12T15:58:19 IST" skipped="0">
  <testcase classname="com.training.sanity.tests.RECT_074" name="validLoginTest" time="60.814"/>
  <system-out/>
</testsuite> <!-- com.training.sanity.tests.RECT_074 -->
