<?xml version="1.0" encoding="UTF-8"?>
<!-- Generated by org.testng.reporters.JUnitReportReporter -->
<testsuite hostname="DESKTOP-8O592OD" failures="0" tests="1" name="com.training.sanity.tests.RETC025Tests" time="46.084" errors="0" timestamp="2020-07-05T16:29:28 IST" skipped="0">
  <testcase classname="com.training.sanity.tests.RETC025Tests" name="validLoginTest" time="46.084"/>
  <system-out/>
</testsuite> <!-- com.training.sanity.tests.RETC025Tests -->
